<?xml version="1.0" encoding="UTF-8"?>
<!-- Generated by org.testng.reporters.JUnitXMLReporter -->
<testsuite ignored="0" hostname="HBPC-HWMBD15-004" failures="0" tests="3" name="Surefire test" time="0.528" errors="0" timestamp="2024-07-31T16:27:38 CEST">
  <testcase classname="com.example.AppTest" name="testConvertToJson on testConvertToJson(com.example.AppTest)" time="0.489"/>
  <testcase classname="com.example.AppTest" name="testCapitalizeString on testCapitalizeString(com.example.AppTest)" time="0.004"/>
  <testcase classname="com.example.AppTest" name="testApp on testApp(com.example.AppTest)" time="0.001"/>
</testsuite> <!-- Surefire test -->
