<?xml version="1.0" encoding="UTF-8"?>
<testsuite xmlns:xsi="http://www.w3.org/2001/XMLSchema-instance" xsi:noNamespaceSchemaLocation="https://maven.apache.org/surefire/maven-surefire-plugin/xsd/surefire-test-report-3.0.xsd" version="3.0" name="com.example.AppTest" time="1.0" tests="3" errors="0" skipped="0" failures="0">
  <properties>
[...]
</properties>
  <testcase name="testConvertToJson on testConvertToJson(com.example.AppTest)" classname="com.example.AppTest" time="0.787"/>
  <testcase name="testCapitalizeString on testCapitalizeString(com.example.AppTest)" classname="com.example.AppTest" time="0.791"/>
  <testcase name="testApp on testApp(com.example.AppTest)" classname="com.example.AppTest" time="0.792"/>
</testsuite>